<?xml version="1.0" encoding="UTF-8"?>
<!-- Generated by org.testng.reporters.JUnitReportReporter -->
<testsuite hostname="LAPTOP-KT7UCOLS" failures="0" tests="1" name="com.vtiger.createnewleadTest.CreatingNewLead_tc_16java" time="14.910" errors="0" timestamp="2021-08-26T12:47:20 IST" skipped="0">
  <testcase classname="com.vtiger.createnewleadTest.CreatingNewLead_tc_16java" name="InValidemailnameTest" time="14.910"/>
  <system-out/>
</testsuite> <!-- com.vtiger.createnewleadTest.CreatingNewLead_tc_16java -->
