<?xml version="1.0" encoding="UTF-8"?>
<!-- Generated by org.testng.reporters.JUnitReportReporter -->
<testsuite hostname="LAPTOP-KT7UCOLS" failures="0" tests="3" name="VtigerPractice.sample1" time="0.008" errors="0" timestamp="2021-08-20T11:06:39 IST" skipped="0">
  <testcase classname="VtigerPractice.sample1" name="print" time="0.006"/>
  <system-out/>
  <testcase classname="VtigerPractice.sample1" name="printon" time="0.001"/>
  <system-out/>
  <testcase classname="VtigerPractice.sample1" name="printing" time="0.001"/>
  <system-out/>
</testsuite> <!-- VtigerPractice.sample1 -->
