<?xml version="1.0" encoding="UTF-8"?>
<!-- Generated by org.testng.reporters.JUnitReportReporter -->
<testsuite hostname="LAPTOP-KT7UCOLS" failures="0" tests="1" name="com.vtiger.createnewleadTest.CreatingNewLead_tc_14java" time="15.673" errors="0" timestamp="2021-08-23T16:20:02 IST" skipped="0">
  <testcase classname="com.vtiger.createnewleadTest.CreatingNewLead_tc_14java" name="CreatingNewLeadInvalidTest" time="15.673"/>
  <system-out/>
</testsuite> <!-- com.vtiger.createnewleadTest.CreatingNewLead_tc_14java -->
