<?xml version="1.0" encoding="UTF-8"?>
<!-- Generated by org.testng.reporters.JUnitReportReporter -->
<testsuite hostname="LAPTOP-KT7UCOLS" failures="0" tests="1" name="seleniumproject.getTitle" time="10.281" errors="0" timestamp="2021-08-25T14:40:48 IST" skipped="0">
  <testcase classname="seleniumproject.getTitle" name="getTitleTest" time="10.281"/>
  <system-out/>
</testsuite> <!-- seleniumproject.getTitle -->
