<?xml version="1.0" encoding="UTF-8"?>
<!-- Generated by org.testng.reporters.JUnitReportReporter -->
<testsuite hostname="LAPTOP-KT7UCOLS" failures="0" tests="1" name="com.vtiger.createnewleadTest.CreatingNewLead_tc_15_2java" time="25.010" errors="0" timestamp="2021-08-22T13:18:46 IST" skipped="0">
  <testcase classname="com.vtiger.createnewleadTest.CreatingNewLead_tc_15_2java" name="InValidemailTest" time="25.010"/>
  <system-out/>
</testsuite> <!-- com.vtiger.createnewleadTest.CreatingNewLead_tc_15_2java -->
