<?xml version="1.0" encoding="UTF-8"?>
<!-- Generated by org.testng.reporters.JUnitReportReporter -->
<testsuite hostname="LAPTOP-KT7UCOLS" failures="0" tests="2" name="com.vtiger.createnewleadTest.CreatingNewLead_tc_15java" time="39.154" errors="0" timestamp="2021-08-23T16:20:02 IST" skipped="0">
  <testcase classname="com.vtiger.createnewleadTest.CreatingNewLead_tc_15java" name="InValidemailTest" time="18.974"/>
  <system-out/>
  <testcase classname="com.vtiger.createnewleadTest.CreatingNewLead_tc_15java" name="InValidemailTest1" time="20.180"/>
  <system-out/>
</testsuite> <!-- com.vtiger.createnewleadTest.CreatingNewLead_tc_15java -->
